<?xml version="1.0" encoding="UTF-8"?>
<coverage generated="1688773507955" clover="3.2.0">
  <project timestamp="1688773507955" name="All files">
    <metrics statements="15" coveredstatements="15" conditionals="0" coveredconditionals="0" methods="5" coveredmethods="5" elements="20" coveredelements="20" complexity="0" loc="15" ncloc="15" packages="4" files="4" classes="4"/>
    <package name="user_data_anonymization">
      <metrics statements="12" coveredstatements="12" conditionals="0" coveredconditionals="0" methods="5" coveredmethods="5"/>
      <file name="app.ts" path="/Users/sptm/Documents/Development/personal/user_data_anonymization/app.ts">
        <metrics statements="12" coveredstatements="12" conditionals="0" coveredconditionals="0" methods="5" coveredmethods="5"/>
        <line num="9" count="1" type="stmt"/>
        <line num="12" count="31" type="stmt"/>
        <line num="27" count="1" type="stmt"/>
        <line num="28" count="6" type="stmt"/>
        <line num="29" count="30" type="stmt"/>
        <line num="32" count="1" type="stmt"/>
        <line num="33" count="1" type="stmt"/>
        <line num="34" count="1" type="stmt"/>
        <line num="35" count="1" type="stmt"/>
        <line num="39" count="1" type="stmt"/>
        <line num="40" count="1" type="stmt"/>
        <line num="41" count="1" type="stmt"/>
      </file>
    </package>
    <package name="user_data_anonymization.misc">
      <metrics statements="1" coveredstatements="1" conditionals="0" coveredconditionals="0" methods="0" coveredmethods="0"/>
      <file name="logger.ts" path="/Users/sptm/Documents/Development/personal/user_data_anonymization/misc/logger.ts">
        <metrics statements="1" coveredstatements="1" conditionals="0" coveredconditionals="0" methods="0" coveredmethods="0"/>
        <line num="3" count="1" type="stmt"/>
      </file>
    </package>
    <package name="user_data_anonymization.models">
      <metrics statements="1" coveredstatements="1" conditionals="0" coveredconditionals="0" methods="0" coveredmethods="0"/>
      <file name="CustomerModel.ts" path="/Users/sptm/Documents/Development/personal/user_data_anonymization/models/CustomerModel.ts">
        <metrics statements="1" coveredstatements="1" conditionals="0" coveredconditionals="0" methods="0" coveredmethods="0"/>
        <line num="6" count="1" type="stmt"/>
      </file>
    </package>
    <package name="user_data_anonymization.schemas">
      <metrics statements="1" coveredstatements="1" conditionals="0" coveredconditionals="0" methods="0" coveredmethods="0"/>
      <file name="CustomerSchema.ts" path="/Users/sptm/Documents/Development/personal/user_data_anonymization/schemas/CustomerSchema.ts">
        <metrics statements="1" coveredstatements="1" conditionals="0" coveredconditionals="0" methods="0" coveredmethods="0"/>
        <line num="5" count="1" type="stmt"/>
      </file>
    </package>
  </project>
</coverage>
