{"/Users/sptm/Documents/Development/personal/user_data_anonymization/app.ts": {"path":"/Users/sptm/Documents/Development/personal/user_data_anonymization/app.ts","statementMap":{"0":{"start":{"line":9,"column":28},"end":{"line":9,"column":31}},"1":{"start":{"line":12,"column":28},"end":{"line":25,"column":4}},"2":{"start":{"line":12,"column":45},"end":{"line":25,"column":3}},"3":{"start":{"line":27,"column":29},"end":{"line":30,"column":3}},"4":{"start":{"line":28,"column":21},"end":{"line":28,"column":55}},"5":{"start":{"line":29,"column":4},"end":{"line":29,"column":81}},"6":{"start":{"line":29,"column":56},"end":{"line":29,"column":79}},"7":{"start":{"line":32,"column":29},"end":{"line":36,"column":3}},"8":{"start":{"line":33,"column":4},"end":{"line":33,"column":43}},"9":{"start":{"line":34,"column":22},"end":{"line":34,"column":46}},"10":{"start":{"line":35,"column":4},"end":{"line":35,"column":46}},"11":{"start":{"line":39,"column":0},"end":{"line":42,"column":5}},"12":{"start":{"line":40,"column":2},"end":{"line":40,"column":46}},"13":{"start":{"line":41,"column":2},"end":{"line":41,"column":58}}},"fnMap":{"0":{"name":"(anonymous_0)","decl":{"start":{"line":12,"column":28},"end":{"line":12,"column":29}},"loc":{"start":{"line":12,"column":45},"end":{"line":25,"column":3}},"line":12},"1":{"name":"(anonymous_1)","decl":{"start":{"line":27,"column":29},"end":{"line":27,"column":30}},"loc":{"start":{"line":27,"column":47},"end":{"line":30,"column":3}},"line":27},"2":{"name":"(anonymous_2)","decl":{"start":{"line":29,"column":50},"end":{"line":29,"column":51}},"loc":{"start":{"line":29,"column":56},"end":{"line":29,"column":79}},"line":29},"3":{"name":"(anonymous_3)","decl":{"start":{"line":32,"column":29},"end":{"line":32,"column":30}},"loc":{"start":{"line":32,"column":56},"end":{"line":36,"column":3}},"line":32},"4":{"name":"(anonymous_4)","decl":{"start":{"line":39,"column":1},"end":{"line":39,"column":2}},"loc":{"start":{"line":39,"column":13},"end":{"line":42,"column":1}},"line":39}},"branchMap":{},"s":{"0":1,"1":1,"2":31,"3":1,"4":6,"5":6,"6":30,"7":1,"8":1,"9":1,"10":1,"11":1,"12":1,"13":1},"f":{"0":31,"1":6,"2":30,"3":1,"4":1},"b":{},"_coverageSchema":"1a1c01bbd47fc00a2c39e90264f33305004495a9","hash":"017b5120171eec7482133ebc3c78f44b736b33f7"}
,"/Users/sptm/Documents/Development/personal/user_data_anonymization/misc/logger.ts": {"path":"/Users/sptm/Documents/Development/personal/user_data_anonymization/misc/logger.ts","statementMap":{"0":{"start":{"line":3,"column":15},"end":{"line":7,"column":2}}},"fnMap":{},"branchMap":{},"s":{"0":1},"f":{},"b":{},"_coverageSchema":"1a1c01bbd47fc00a2c39e90264f33305004495a9","hash":"55873a8f418650b2369eb48e6d7c0d013613af4e"}
,"/Users/sptm/Documents/Development/personal/user_data_anonymization/models/CustomerModel.ts": {"path":"/Users/sptm/Documents/Development/personal/user_data_anonymization/models/CustomerModel.ts","statementMap":{"0":{"start":{"line":6,"column":22},"end":{"line":6,"column":78}}},"fnMap":{},"branchMap":{},"s":{"0":1},"f":{},"b":{},"_coverageSchema":"1a1c01bbd47fc00a2c39e90264f33305004495a9","hash":"8ad6ba48cceb05f673677798e399ca27ee0d9757"}
,"/Users/sptm/Documents/Development/personal/user_data_anonymization/schemas/CustomerSchema.ts": {"path":"/Users/sptm/Documents/Development/personal/user_data_anonymization/schemas/CustomerSchema.ts","statementMap":{"0":{"start":{"line":5,"column":23},"end":{"line":18,"column":2}}},"fnMap":{},"branchMap":{},"s":{"0":1},"f":{},"b":{},"_coverageSchema":"1a1c01bbd47fc00a2c39e90264f33305004495a9","hash":"3f6b27b318e27021ed24f0131da0a460461d8ad9"}
}
